<?xml version="1.0" encoding="UTF-8"?>
<!-- Generated by org.testng.reporters.JUnitXMLReporter -->
<testsuite hostname="saidinesh-mbp" ignored="4" name="Avaamo automation testing" tests="6" failures="0" timestamp="26 Jul 2020 09:26:40 GMT" time="73.221" errors="0">
  <testcase name="@BeforeTest opendriver" time="73.143" classname="com.avaamo.LaunchBrowser">
    <failure type="org.openqa.selenium.remote.UnreachableBrowserException" message="Could not start a new session. Possible causes are invalid address of the remote server or browser start-up failure.
Build info: version: &amp;apos;4.0.0-alpha-5&amp;apos;, revision: &amp;apos;b3a0d621cc&amp;apos;
System info: host: &amp;apos;saidinesh-mbp&amp;apos;, ip: &amp;apos;fe80:0:0:0:10c8:ff41:37f9:5d4f%en0&amp;apos;, os.name: &amp;apos;Mac OS X&amp;apos;, os.arch: &amp;apos;x86_64&amp;apos;, os.version: &amp;apos;10.15.6&amp;apos;, java.version: &amp;apos;1.8.0_151&amp;apos;
Driver info: driver.version: FirefoxDriver">
      <![CDATA[org.openqa.selenium.remote.UnreachableBrowserException: Could not start a new session. Possible causes are invalid address of the remote server or browser start-up failure.
Build info: version: '4.0.0-alpha-5', revision: 'b3a0d621cc'
System info: host: 'saidinesh-mbp', ip: 'fe80:0:0:0:10c8:ff41:37f9:5d4f%en0', os.name: 'Mac OS X', os.arch: 'x86_64', os.version: '10.15.6', java.version: '1.8.0_151'
Driver info: driver.version: FirefoxDriver
at org.openqa.selenium.remote.RemoteWebDriver.execute(RemoteWebDriver.java:603)
at org.openqa.selenium.remote.RemoteWebDriver.startSession(RemoteWebDriver.java:216)
at org.openqa.selenium.remote.RemoteWebDriver.<init>(RemoteWebDriver.java:136)
at org.openqa.selenium.firefox.FirefoxDriver.<init>(FirefoxDriver.java:168)
at org.openqa.selenium.firefox.FirefoxDriver.<init>(FirefoxDriver.java:156)
at org.openqa.selenium.firefox.FirefoxDriver.<init>(FirefoxDriver.java:134)
at com.avaamo.LaunchBrowser.opendriver(LaunchBrowser.java:27)
Caused by: java.lang.RuntimeException: NettyHttpHandler request execution error
at org.openqa.selenium.remote.http.netty.NettyHttpHandler.makeCall(NettyHttpHandler.java:72)
at org.openqa.selenium.remote.http.AddSeleniumUserAgent.lambda$apply$0(AddSeleniumUserAgent.java:42)
at org.openqa.selenium.remote.http.Filter.lambda$andFinally$1(Filter.java:55)
at org.openqa.selenium.remote.http.netty.NettyHttpHandler.execute(NettyHttpHandler.java:47)
at org.openqa.selenium.remote.http.AddSeleniumUserAgent.lambda$apply$0(AddSeleniumUserAgent.java:42)
at org.openqa.selenium.remote.http.Filter.lambda$andFinally$1(Filter.java:55)
at org.openqa.selenium.remote.http.netty.NettyClient.execute(NettyClient.java:47)
at org.openqa.selenium.remote.ProtocolHandshake.createSession(ProtocolHandshake.java:105)
at org.openqa.selenium.remote.ProtocolHandshake.createSession(ProtocolHandshake.java:75)
at org.openqa.selenium.remote.HttpCommandExecutor.execute(HttpCommandExecutor.java:139)
at org.openqa.selenium.remote.service.DriverCommandExecutor.execute(DriverCommandExecutor.java:83)
at org.openqa.selenium.remote.RemoteWebDriver.execute(RemoteWebDriver.java:582)
... 30 more
Caused by: java.util.concurrent.ExecutionException: java.util.concurrent.TimeoutException: Request timeout to localhost/127.0.0.1:1080 after 60000 ms
at java.util.concurrent.CompletableFuture.reportGet(CompletableFuture.java:357)
at java.util.concurrent.CompletableFuture.get(CompletableFuture.java:1895)
at org.asynchttpclient.netty.NettyResponseFuture.get(NettyResponseFuture.java:201)
at org.openqa.selenium.remote.http.netty.NettyHttpHandler.makeCall(NettyHttpHandler.java:57)
... 41 more
Caused by: java.util.concurrent.TimeoutException: Request timeout to localhost/127.0.0.1:1080 after 60000 ms
at org.asynchttpclient.netty.timeout.TimeoutTimerTask.expire(TimeoutTimerTask.java:43)
at org.asynchttpclient.netty.timeout.RequestTimeoutTimerTask.run(RequestTimeoutTimerTask.java:50)
at io.netty.util.HashedWheelTimer$HashedWheelTimeout.expire(HashedWheelTimer.java:672)
at io.netty.util.HashedWheelTimer$HashedWheelBucket.expireTimeouts(HashedWheelTimer.java:747)
at io.netty.util.HashedWheelTimer$Worker.run(HashedWheelTimer.java:472)
at io.netty.util.concurrent.FastThreadLocalRunnable.run(FastThreadLocalRunnable.java:30)
at java.lang.Thread.run(Thread.java:748)
... Removed 24 stack frames]]>
    </failure>
  </testcase> <!-- @BeforeTest opendriver -->
  <testcase name="@AfterTest terminateBrowser" time="0.0" classname="com.avaamo.LaunchBrowser">
    <skipped/>
  </testcase> <!-- @AfterTest terminateBrowser -->
  <testcase name="Url" time="0.0" classname="com.avaamo.Geturl">
    <skipped/>
  </testcase> <!-- Url -->
  <testcase name="verifyTitle" time="0.0" classname="com.avaamo.Titlevalidation">
    <skipped/>
  </testcase> <!-- verifyTitle -->
  <testcase name="Testagentpopup" time="0.0" classname="com.avaamo.Titlevalidation">
    <skipped/>
  </testcase> <!-- Testagentpopup -->
  <testcase name="Testagentpopup" time="0.0" classname="com.avaamo.Menuoptions">
    <skipped/>
  </testcase> <!-- Testagentpopup -->
  <testcase name="verifyTestBot" time="0.0" classname="com.avaamo.Menuoptions">
    <skipped/>
  </testcase> <!-- verifyTestBot -->
  <testcase name="verifyNewTest" time="0.0" classname="com.avaamo.Menuoptions">
    <skipped/>
  </testcase> <!-- verifyNewTest -->
  <testcase name="@BeforeTest opendriver" time="0.0" classname="com.avaamo.LaunchBrowser">
    <ignored/>
  </testcase> <!-- @BeforeTest opendriver -->
  <testcase name="@BeforeTest opendriver" time="0.0" classname="com.avaamo.LaunchBrowser">
    <ignored/>
  </testcase> <!-- @BeforeTest opendriver -->
  <testcase name="@AfterTest terminateBrowser" time="0.0" classname="com.avaamo.LaunchBrowser">
    <ignored/>
  </testcase> <!-- @AfterTest terminateBrowser -->
  <testcase name="@AfterTest terminateBrowser" time="0.0" classname="com.avaamo.LaunchBrowser">
    <ignored/>
  </testcase> <!-- @AfterTest terminateBrowser -->
</testsuite> <!-- Avaamo automation testing -->
